<?xml version="1.0" encoding="UTF-8"?>
<!-- Generated by org.testng.reporters.JUnitReportReporter -->
<testsuite hostname="LAPTOP-C0MR8N4T" failures="0" tests="2" name="com.sysmatech.TestCases.Tc_Settings_DepertmentsCreate_055" time="87.436" errors="0" timestamp="2023-04-12T17:41:35 IST" skipped="0">
  <testcase classname="com.sysmatech.TestCases.Tc_Settings_DepertmentsCreate_055" name="DepartmentCreate1" time="48.946"/>
  <system-out/>
  <testcase classname="com.sysmatech.TestCases.Tc_Settings_DepertmentsCreate_055" name="DepartmentCreate2" time="38.490"/>
  <system-out/>
</testsuite> <!-- com.sysmatech.TestCases.Tc_Settings_DepertmentsCreate_055 -->
