<?xml version="1.0" encoding="UTF-8"?>
<!-- Generated by org.testng.reporters.JUnitReportReporter -->
<testsuite hostname="DESKTOP-1OGJN64" failures="0" tests="2" name="com.sysmatech.TestCases.Tc_AddCompanyTest_003" time="33.583" errors="0" timestamp="2023-03-02T12:09:25 IST" skipped="0">
  <testcase classname="com.sysmatech.TestCases.Tc_AddCompanyTest_003" name="CreateCompany" time="17.980"/>
  <system-out/>
  <testcase classname="com.sysmatech.TestCases.Tc_AddCompanyTest_003" name="CreateCompany1" time="15.603"/>
  <system-out/>
</testsuite> <!-- com.sysmatech.TestCases.Tc_AddCompanyTest_003 -->
