<?xml version="1.0" encoding="UTF-8"?>
<!-- Generated by org.testng.reporters.JUnitReportReporter -->
<testsuite hostname="LAPTOP-C0MR8N4T" failures="0" tests="1" name="com.sysmatech.TestCases.Tc_Settings_AssetModelsDelete_030" time="30.744" errors="0" timestamp="2023-04-12T12:38:44 IST" skipped="0">
  <testcase classname="com.sysmatech.TestCases.Tc_Settings_AssetModelsDelete_030" name="AssetModelDelete" time="30.744"/>
  <system-out/>
</testsuite> <!-- com.sysmatech.TestCases.Tc_Settings_AssetModelsDelete_030 -->
