<?xml version="1.0" encoding="UTF-8"?>
<!-- Generated by org.testng.reporters.JUnitReportReporter -->
<testsuite hostname="LAPTOP-C0MR8N4T" failures="0" tests="2" name="com.sysmatech.TestCases.Tc_Settings_ManufacturerDelete_006" time="57.874" errors="0" timestamp="2023-04-12T17:27:31 IST" skipped="0">
  <testcase classname="com.sysmatech.TestCases.Tc_Settings_ManufacturerDelete_006" name="ManufacturerDelete1" time="28.966"/>
  <system-out/>
  <testcase classname="com.sysmatech.TestCases.Tc_Settings_ManufacturerDelete_006" name="ManufacturerDelete2" time="28.908"/>
  <system-out/>
</testsuite> <!-- com.sysmatech.TestCases.Tc_Settings_ManufacturerDelete_006 -->
