<?xml version="1.0" encoding="UTF-8"?>
<!-- Generated by org.testng.reporters.JUnitReportReporter -->
<testsuite hostname="DESKTOP-1OGJN64" failures="0" tests="2" name="com.sysmatech.TestCases.Tc_CreateAssetDelete_009" time="52.876" errors="0" timestamp="2023-03-02T12:33:52 IST" skipped="0">
  <testcase classname="com.sysmatech.TestCases.Tc_CreateAssetDelete_009" name="AssetDelete" time="29.537"/>
  <system-out/>
  <testcase classname="com.sysmatech.TestCases.Tc_CreateAssetDelete_009" name="AssetDelete1" time="23.339"/>
  <system-out/>
</testsuite> <!-- com.sysmatech.TestCases.Tc_CreateAssetDelete_009 -->
