<?xml version="1.0" encoding="UTF-8"?>
<!-- Generated by org.testng.reporters.JUnitReportReporter -->
<testsuite hostname="LAPTOP-C0MR8N4T" failures="0" tests="1" name="com.sysmatech.TestCases.Tc_Settings_WorkOrder_StatusesUpdate_023" time="31.488" errors="0" timestamp="2023-04-12T17:49:25 IST" skipped="0">
  <testcase classname="com.sysmatech.TestCases.Tc_Settings_WorkOrder_StatusesUpdate_023" name="WorkOrderStatusesUpdate" time="31.488"/>
  <system-out/>
</testsuite> <!-- com.sysmatech.TestCases.Tc_Settings_WorkOrder_StatusesUpdate_023 -->
