<?xml version="1.0" encoding="UTF-8"?>
<!-- Generated by org.testng.reporters.JUnitReportReporter -->
<testsuite hostname="DESKTOP-1OGJN64" failures="0" tests="1" name="com.sysmatech.TestCases.Tc_SettingSupplierDelete_031" time="16.671" errors="0" timestamp="2023-03-01T16:53:14 IST" skipped="0">
  <testcase classname="com.sysmatech.TestCases.Tc_SettingSupplierDelete_031" name="Login" time="16.671"/>
  <system-out/>
</testsuite> <!-- com.sysmatech.TestCases.Tc_SettingSupplierDelete_031 -->
