<?xml version="1.0" encoding="UTF-8"?>
<!-- Generated by org.testng.reporters.JUnitReportReporter -->
<testsuite hostname="LAPTOP-C0MR8N4T" failures="0" tests="1" name="com.sysmatech.TestCases.Tc_Settings_SupplierDelete_010" time="27.954" errors="0" timestamp="2023-04-12T17:30:27 IST" skipped="0">
  <testcase classname="com.sysmatech.TestCases.Tc_Settings_SupplierDelete_010" name="SupplierDelete" time="27.954"/>
  <system-out/>
</testsuite> <!-- com.sysmatech.TestCases.Tc_Settings_SupplierDelete_010 -->
