<?xml version="1.0" encoding="UTF-8"?>
<!-- Generated by org.testng.reporters.JUnitReportReporter -->
<testsuite hostname="DESKTOP-1OGJN64" failures="0" tests="2" name="com.sysmatech.TestCases.Tc_CreateAssetDeleteInBulk_010" time="48.706" errors="0" timestamp="2023-03-02T12:25:06 IST" skipped="0">
  <testcase classname="com.sysmatech.TestCases.Tc_CreateAssetDeleteInBulk_010" name="AssetBulkDelete1" time="25.929"/>
  <system-out/>
  <testcase classname="com.sysmatech.TestCases.Tc_CreateAssetDeleteInBulk_010" name="AssetBulkDelete" time="22.777"/>
  <system-out/>
</testsuite> <!-- com.sysmatech.TestCases.Tc_CreateAssetDeleteInBulk_010 -->
