<?xml version="1.0" encoding="UTF-8"?>
<!-- Generated by org.testng.reporters.JUnitReportReporter -->
<testsuite hostname="DESKTOP-1OGJN64" failures="0" tests="1" name="com.sysmatech.TestCases.Tc_SettingManufacturerDelete_028" time="16.422" errors="0" timestamp="2023-03-01T13:01:09 IST" skipped="0">
  <testcase classname="com.sysmatech.TestCases.Tc_SettingManufacturerDelete_028" name="Login" time="16.422"/>
  <system-out/>
</testsuite> <!-- com.sysmatech.TestCases.Tc_SettingManufacturerDelete_028 -->
