<?xml version="1.0" encoding="UTF-8"?>
<!-- Generated by org.testng.reporters.JUnitReportReporter -->
<testsuite hostname="LAPTOP-C0MR8N4T" failures="0" tests="2" name="com.sysmatech.TestCases.Tc_Settings_Depertments_043" time="113.394" errors="0" timestamp="2023-03-31T15:36:43 IST" skipped="0">
  <testcase classname="com.sysmatech.TestCases.Tc_Settings_Depertments_043" name="DepartmentCreate1" time="45.479"/>
  <system-out/>
  <testcase classname="com.sysmatech.TestCases.Tc_Settings_Depertments_043" name="DepartmentCreate2" time="67.915"/>
  <system-out/>
</testsuite> <!-- com.sysmatech.TestCases.Tc_Settings_Depertments_043 -->
