<?xml version="1.0" encoding="UTF-8"?>
<!-- Generated by org.testng.reporters.JUnitReportReporter -->
<testsuite hostname="DESKTOP-1OGJN64" failures="0" tests="1" name="com.sysmatech.TestCases.Tc_SettingStatusLabels_016" time="18.599" errors="0" timestamp="2023-02-28T19:00:41 IST" skipped="0">
  <testcase classname="com.sysmatech.TestCases.Tc_SettingStatusLabels_016" name="Login" time="18.599"/>
  <system-out/>
</testsuite> <!-- com.sysmatech.TestCases.Tc_SettingStatusLabels_016 -->
