<?xml version="1.0" encoding="UTF-8"?>
<!-- Generated by org.testng.reporters.JUnitReportReporter -->
<testsuite hostname="LAPTOP-C0MR8N4T" failures="0" tests="2" name="com.sysmatech.TestCases.Tc_LoginDDT_002" time="32.224" errors="0" timestamp="2023-04-12T15:34:05 IST" skipped="0">
  <testcase classname="com.sysmatech.TestCases.Tc_LoginDDT_002" name="loginDDT" time="18.788"/>
  <system-out/>
  <testcase classname="com.sysmatech.TestCases.Tc_LoginDDT_002" name="loginDDT" time="13.436"/>
  <system-out/>
</testsuite> <!-- com.sysmatech.TestCases.Tc_LoginDDT_002 -->
