<?xml version="1.0" encoding="UTF-8"?>
<!-- Generated by org.testng.reporters.JUnitReportReporter -->
<testsuite hostname="DESKTOP-1OGJN64" failures="0" tests="2" name="com.sysmatech.TestCases.Tc_CreatePreventiveMaintenanceScheduler_013" time="65.608" errors="0" timestamp="2023-03-02T14:48:23 IST" skipped="0">
  <testcase classname="com.sysmatech.TestCases.Tc_CreatePreventiveMaintenanceScheduler_013" name="CreateScheduler" time="32.226"/>
  <system-out/>
  <testcase classname="com.sysmatech.TestCases.Tc_CreatePreventiveMaintenanceScheduler_013" name="CreateScheduler1" time="33.382"/>
  <system-out/>
</testsuite> <!-- com.sysmatech.TestCases.Tc_CreatePreventiveMaintenanceScheduler_013 -->
