<?xml version="1.0" encoding="UTF-8"?>
<!-- Generated by org.testng.reporters.JUnitReportReporter -->
<testsuite hostname="DESKTOP-1OGJN64" failures="0" tests="2" name="com.sysmatech.TestCases.Tc_CreateAssetEdit_007" time="63.308" errors="0" timestamp="2023-03-02T12:41:01 IST" skipped="0">
  <testcase classname="com.sysmatech.TestCases.Tc_CreateAssetEdit_007" name="Edit" time="36.775"/>
  <system-out/>
  <testcase classname="com.sysmatech.TestCases.Tc_CreateAssetEdit_007" name="Edit1" time="26.533"/>
  <system-out/>
</testsuite> <!-- com.sysmatech.TestCases.Tc_CreateAssetEdit_007 -->
