<?xml version="1.0" encoding="UTF-8"?>
<!-- Generated by org.testng.reporters.JUnitReportReporter -->
<testsuite hostname="LAPTOP-C0MR8N4T" failures="0" tests="1" name="com.sysmatech.TestCases.Tc_SettingSupplierDelete_031" time="18.762" errors="0" timestamp="2023-03-31T15:36:43 IST" skipped="0">
  <testcase classname="com.sysmatech.TestCases.Tc_SettingSupplierDelete_031" name="SupplierDelete" time="18.762"/>
  <system-out/>
</testsuite> <!-- com.sysmatech.TestCases.Tc_SettingSupplierDelete_031 -->
