<?xml version="1.0" encoding="UTF-8"?>
<!-- Generated by org.testng.reporters.JUnitReportReporter -->
<testsuite hostname="LAPTOP-C0MR8N4T" failures="0" tests="3" name="com.sysmatech.TestCases.Tc_CPMParaMeterNumber_042" time="121.405" errors="0" timestamp="2023-04-12T12:42:44 IST" skipped="0">
  <testcase classname="com.sysmatech.TestCases.Tc_CPMParaMeterNumber_042" name="paraM1" time="36.033"/>
  <system-out/>
  <testcase classname="com.sysmatech.TestCases.Tc_CPMParaMeterNumber_042" name="paraMasterDate" time="37.915"/>
  <system-out/>
  <testcase classname="com.sysmatech.TestCases.Tc_CPMParaMeterNumber_042" name="paraMasterText" time="47.457"/>
  <system-out/>
</testsuite> <!-- com.sysmatech.TestCases.Tc_CPMParaMeterNumber_042 -->
