<?xml version="1.0" encoding="UTF-8"?>
<!-- Generated by org.testng.reporters.JUnitReportReporter -->
<testsuite hostname="LAPTOP-C0MR8N4T" failures="0" tests="1" name="com.sysmatech.TestCases.Tc_Settings_DepartmentDelete_15" time="22.277" errors="0" timestamp="2023-04-12T17:41:35 IST" skipped="0">
  <testcase classname="com.sysmatech.TestCases.Tc_Settings_DepartmentDelete_15" name="DepartmentDelete" time="22.277"/>
  <system-out/>
</testsuite> <!-- com.sysmatech.TestCases.Tc_Settings_DepartmentDelete_15 -->
