<?xml version="1.0" encoding="UTF-8"?>
<!-- Generated by org.testng.reporters.JUnitReportReporter -->
<testsuite hostname="LAPTOP-C0MR8N4T" failures="0" tests="1" name="com.sysmatech.TestCases.Tc_ParameterMaster_Delete_044" time="18.225" errors="0" timestamp="2023-04-12T12:49:20 IST" skipped="0">
  <testcase classname="com.sysmatech.TestCases.Tc_ParameterMaster_Delete_044" name="PMDelete" time="18.225"/>
  <system-out/>
</testsuite> <!-- com.sysmatech.TestCases.Tc_ParameterMaster_Delete_044 -->
