<?xml version="1.0" encoding="UTF-8"?>
<!-- Generated by org.testng.reporters.JUnitReportReporter -->
<testsuite hostname="LAPTOP-C0MR8N4T" failures="0" tests="3" name="com.sysmatech.TestCases.Tc_SettingManufacturer_026" time="64.571" errors="0" timestamp="2023-03-31T15:52:59 IST" skipped="0">
  <testcase classname="com.sysmatech.TestCases.Tc_SettingManufacturer_026" name="Manufacture" time="20.277"/>
  <system-out/>
  <testcase classname="com.sysmatech.TestCases.Tc_SettingManufacturer_026" name="Manufacture2" time="18.454"/>
  <system-out/>
  <testcase classname="com.sysmatech.TestCases.Tc_SettingManufacturer_026" name="Manufacturer3" time="25.840"/>
  <system-out/>
</testsuite> <!-- com.sysmatech.TestCases.Tc_SettingManufacturer_026 -->
