<?xml version="1.0" encoding="UTF-8"?>
<!-- Generated by org.testng.reporters.JUnitReportReporter -->
<testsuite hostname="LAPTOP-C0MR8N4T" failures="0" tests="9" name="com.sysmatech.TestCases.Tc_CreatePreventiveMaintenanceScheduler_050" time="501.735" errors="0" timestamp="2023-04-12T13:32:36 IST" skipped="0">
  <testcase classname="com.sysmatech.TestCases.Tc_CreatePreventiveMaintenanceScheduler_050" name="CreateScheduler" time="45.731"/>
  <system-out/>
  <testcase classname="com.sysmatech.TestCases.Tc_CreatePreventiveMaintenanceScheduler_050" name="CreateScheduler2" time="50.740"/>
  <system-out/>
  <testcase classname="com.sysmatech.TestCases.Tc_CreatePreventiveMaintenanceScheduler_050" name="CreateScheduler3" time="51.976"/>
  <system-out/>
  <testcase classname="com.sysmatech.TestCases.Tc_CreatePreventiveMaintenanceScheduler_050" name="CreateScheduler4" time="57.931"/>
  <system-out/>
  <testcase classname="com.sysmatech.TestCases.Tc_CreatePreventiveMaintenanceScheduler_050" name="CreateScheduler5" time="68.012"/>
  <system-out/>
  <testcase classname="com.sysmatech.TestCases.Tc_CreatePreventiveMaintenanceScheduler_050" name="CreateScheduler6" time="55.236"/>
  <system-out/>
  <testcase classname="com.sysmatech.TestCases.Tc_CreatePreventiveMaintenanceScheduler_050" name="CreateScheduler7" time="57.545"/>
  <system-out/>
  <testcase classname="com.sysmatech.TestCases.Tc_CreatePreventiveMaintenanceScheduler_050" name="CreateScheduler8" time="56.632"/>
  <system-out/>
  <testcase classname="com.sysmatech.TestCases.Tc_CreatePreventiveMaintenanceScheduler_050" name="CreateScheduler9" time="57.932"/>
  <system-out/>
</testsuite> <!-- com.sysmatech.TestCases.Tc_CreatePreventiveMaintenanceScheduler_050 -->
