<?xml version="1.0" encoding="UTF-8"?>
<!-- Generated by org.testng.reporters.JUnitReportReporter -->
<testsuite hostname="LAPTOP-C0MR8N4T" failures="0" tests="2" name="com.sysmatech.TestCases.Tc_Settings_CustomFieldsCreate_025" time="86.282" errors="0" timestamp="2023-04-12T17:49:25 IST" skipped="0">
  <testcase classname="com.sysmatech.TestCases.Tc_Settings_CustomFieldsCreate_025" name="CustomField" time="51.047"/>
  <system-out/>
  <testcase classname="com.sysmatech.TestCases.Tc_Settings_CustomFieldsCreate_025" name="CustomField2" time="35.235"/>
  <system-out/>
</testsuite> <!-- com.sysmatech.TestCases.Tc_Settings_CustomFieldsCreate_025 -->
