<?xml version="1.0" encoding="UTF-8"?>
<!-- Generated by org.testng.reporters.JUnitReportReporter -->
<testsuite hostname="LAPTOP-C0MR8N4T" failures="0" tests="1" name="com.sysmatech.TestCases.Tc_Settings_PreventiveMaintenance_ConfigCreate_049" time="17.085" errors="0" timestamp="2023-03-31T16:56:49 IST" skipped="0">
  <testcase classname="com.sysmatech.TestCases.Tc_Settings_PreventiveMaintenance_ConfigCreate_049" name="CreatePreventive_Maintenance_Config" time="17.085"/>
  <system-out/>
</testsuite> <!-- com.sysmatech.TestCases.Tc_Settings_PreventiveMaintenance_ConfigCreate_049 -->
