<?xml version="1.0" encoding="UTF-8"?>
<!-- Generated by org.testng.reporters.JUnitReportReporter -->
<testsuite hostname="LAPTOP-C0MR8N4T" failures="0" tests="1" name="com.sysmatech.TestCases.Tc_preventiveMaintenance_Update_051" time="32.591" errors="0" timestamp="2023-03-23T11:40:30 IST" skipped="0">
  <testcase classname="com.sysmatech.TestCases.Tc_preventiveMaintenance_Update_051" name="CreatePreventive_Maintenance_Clone" time="32.591"/>
  <system-out/>
</testsuite> <!-- com.sysmatech.TestCases.Tc_preventiveMaintenance_Update_051 -->
