<?xml version="1.0" encoding="UTF-8"?>
<!-- Generated by org.testng.reporters.JUnitReportReporter -->
<testsuite hostname="LAPTOP-C0MR8N4T" failures="0" tests="1" name="com.sysmatech.TestCases.Tc_Settings_Depreciation_Delete_048" time="23.882" errors="0" timestamp="2023-03-21T14:40:57 IST" skipped="0">
  <testcase classname="com.sysmatech.TestCases.Tc_Settings_Depreciation_Delete_048" name="Login" time="23.882"/>
  <system-out/>
</testsuite> <!-- com.sysmatech.TestCases.Tc_Settings_Depreciation_Delete_048 -->
