<?xml version="1.0" encoding="UTF-8"?>
<!-- Generated by org.testng.reporters.JUnitReportReporter -->
<testsuite hostname="DESKTOP-1OGJN64" failures="0" tests="1" name="com.sysmatech.TestCases.Tc_SettingManufacturer_026" time="15.165" errors="0" timestamp="2023-03-01T12:00:57 IST" skipped="0">
  <testcase classname="com.sysmatech.TestCases.Tc_SettingManufacturer_026" name="Login" time="15.165"/>
  <system-out/>
</testsuite> <!-- com.sysmatech.TestCases.Tc_SettingManufacturer_026 -->
