<?xml version="1.0" encoding="UTF-8"?>
<!-- Generated by org.testng.reporters.JUnitReportReporter -->
<testsuite hostname="LAPTOP-C0MR8N4T" failures="0" tests="1" name="com.sysmatech.TestCases.Tc_Settings_PreventiveMaintenance_ConfigCreate_046" time="44.070" errors="0" timestamp="2023-04-12T12:57:39 IST" skipped="0">
  <testcase classname="com.sysmatech.TestCases.Tc_Settings_PreventiveMaintenance_ConfigCreate_046" name="CreatePreventive_Maintenance_Config" time="44.070"/>
  <system-out/>
</testsuite> <!-- com.sysmatech.TestCases.Tc_Settings_PreventiveMaintenance_ConfigCreate_046 -->
