<?xml version="1.0" encoding="UTF-8"?>
<!-- Generated by org.testng.reporters.JUnitReportReporter -->
<testsuite hostname="LAPTOP-C0MR8N4T" failures="0" tests="2" name="com.sysmatech.TestCases.Tc_SettingAssetModels_019" time="56.637" errors="0" timestamp="2023-03-31T15:48:51 IST" skipped="0">
  <testcase classname="com.sysmatech.TestCases.Tc_SettingAssetModels_019" name="AssetModels" time="29.572"/>
  <system-out/>
  <testcase classname="com.sysmatech.TestCases.Tc_SettingAssetModels_019" name="AssetModels2" time="27.065"/>
  <system-out/>
</testsuite> <!-- com.sysmatech.TestCases.Tc_SettingAssetModels_019 -->
