<?xml version="1.0" encoding="UTF-8"?>
<!-- Generated by org.testng.reporters.JUnitReportReporter -->
<testsuite hostname="DESKTOP-1OGJN64" failures="0" tests="2" name="com.sysmatech.TestCases.Tc_CreateAssetCopy_008" time="48.081" errors="0" timestamp="2023-03-02T12:19:26 IST" skipped="0">
  <testcase classname="com.sysmatech.TestCases.Tc_CreateAssetCopy_008" name="CreateAssetCopy" time="22.971"/>
  <system-out/>
  <testcase classname="com.sysmatech.TestCases.Tc_CreateAssetCopy_008" name="CreateAssetCopy1" time="25.110"/>
  <system-out/>
</testsuite> <!-- com.sysmatech.TestCases.Tc_CreateAssetCopy_008 -->
