<?xml version="1.0" encoding="UTF-8"?>
<!-- Generated by org.testng.reporters.JUnitReportReporter -->
<testsuite hostname="LAPTOP-C0MR8N4T" failures="0" tests="3" name="com.sysmatech.TestCases.Tc_CPMParaMeterNumber_034" time="87.464" errors="0" timestamp="2023-03-31T16:46:19 IST" skipped="0">
  <testcase classname="com.sysmatech.TestCases.Tc_CPMParaMeterNumber_034" name="paraM1" time="27.838"/>
  <system-out/>
  <testcase classname="com.sysmatech.TestCases.Tc_CPMParaMeterNumber_034" name="paraMasterDate" time="30.306"/>
  <system-out/>
  <testcase classname="com.sysmatech.TestCases.Tc_CPMParaMeterNumber_034" name="paraMasterText" time="29.320"/>
  <system-out/>
</testsuite> <!-- com.sysmatech.TestCases.Tc_CPMParaMeterNumber_034 -->
