<?xml version="1.0" encoding="UTF-8"?>
<!-- Generated by org.testng.reporters.JUnitReportReporter -->
<testsuite hostname="LAPTOP-C0MR8N4T" failures="0" tests="1" name="com.sysmatech.TestCases.Tc_ParameterMaster_Delete_039" time="21.996" errors="0" timestamp="2023-03-16T14:40:57 IST" skipped="0">
  <testcase classname="com.sysmatech.TestCases.Tc_ParameterMaster_Delete_039" name="paraM1" time="21.996"/>
  <system-out/>
</testsuite> <!-- com.sysmatech.TestCases.Tc_ParameterMaster_Delete_039 -->
