<?xml version="1.0" encoding="UTF-8"?>
<!-- Generated by org.testng.reporters.JUnitReportReporter -->
<testsuite hostname="LAPTOP-C0MR8N4T" failures="0" tests="1" name="com.sysmatech.TestCases.Tc_ParameterMaster_Delete_039" time="15.119" errors="0" timestamp="2023-03-31T15:36:43 IST" skipped="0">
  <testcase classname="com.sysmatech.TestCases.Tc_ParameterMaster_Delete_039" name="PMDelete" time="15.119"/>
  <system-out/>
</testsuite> <!-- com.sysmatech.TestCases.Tc_ParameterMaster_Delete_039 -->
