<?xml version="1.0" encoding="UTF-8"?>
<!-- Generated by org.testng.reporters.JUnitReportReporter -->
<testsuite hostname="LAPTOP-C0MR8N4T" failures="0" tests="2" name="com.sysmatech.TestCases.Tc_CreatePMAuditParameter_041" time="67.995" errors="0" timestamp="2023-04-12T12:42:44 IST" skipped="0">
  <testcase classname="com.sysmatech.TestCases.Tc_CreatePMAuditParameter_041" name="Auditparams1" time="27.856"/>
  <system-out/>
  <testcase classname="com.sysmatech.TestCases.Tc_CreatePMAuditParameter_041" name="Auditparams2" time="40.139"/>
  <system-out/>
</testsuite> <!-- com.sysmatech.TestCases.Tc_CreatePMAuditParameter_041 -->
