<?xml version="1.0" encoding="UTF-8"?>
<!-- Generated by org.testng.reporters.JUnitReportReporter -->
<testsuite hostname="DESKTOP-1OGJN64" failures="0" tests="1" name="com.sysmatech.TestCases.Tc_LoginTest_001" time="5.622" errors="0" timestamp="2023-02-28T19:00:41 IST" skipped="0">
  <testcase classname="com.sysmatech.TestCases.Tc_LoginTest_001" name="loginTest" time="5.622"/>
  <system-out/>
</testsuite> <!-- com.sysmatech.TestCases.Tc_LoginTest_001 -->
