<?xml version="1.0" encoding="UTF-8"?>
<!-- Generated by org.testng.reporters.JUnitReportReporter -->
<testsuite hostname="LAPTOP-C0MR8N4T" failures="0" tests="1" name="com.sysmatech.TestCases.Tc_Settings_AssetModelsBulkEdit_031" time="61.087" errors="0" timestamp="2023-04-12T12:38:44 IST" skipped="0">
  <testcase classname="com.sysmatech.TestCases.Tc_Settings_AssetModelsBulkEdit_031" name="AssetModelBulkEdit" time="61.087"/>
  <system-out/>
</testsuite> <!-- com.sysmatech.TestCases.Tc_Settings_AssetModelsBulkEdit_031 -->
