<?xml version="1.0" encoding="UTF-8"?>
<!-- Generated by org.testng.reporters.JUnitReportReporter -->
<testsuite hostname="DESKTOP-1OGJN64" failures="0" tests="1" name="com.sysmatech.TestCases.Tc_SettingSupplier_030" time="17.892" errors="0" timestamp="2023-03-01T16:32:53 IST" skipped="0">
  <testcase classname="com.sysmatech.TestCases.Tc_SettingSupplier_030" name="Login" time="17.892"/>
  <system-out/>
</testsuite> <!-- com.sysmatech.TestCases.Tc_SettingSupplier_030 -->
