<?xml version="1.0" encoding="UTF-8"?>
<!-- Generated by org.testng.reporters.JUnitReportReporter -->
<testsuite hostname="LAPTOP-C0MR8N4T" failures="0" tests="2" name="com.sysmatech.TestCases.Tc_Settings_DepreciationCreate_018" time="60.433" errors="0" timestamp="2023-04-12T17:49:25 IST" skipped="0">
  <testcase classname="com.sysmatech.TestCases.Tc_Settings_DepreciationCreate_018" name="DepreciationCreate1" time="33.494"/>
  <system-out/>
  <testcase classname="com.sysmatech.TestCases.Tc_Settings_DepreciationCreate_018" name="DepreciationCreate2" time="26.939"/>
  <system-out/>
</testsuite> <!-- com.sysmatech.TestCases.Tc_Settings_DepreciationCreate_018 -->
