<?xml version="1.0" encoding="UTF-8"?>
<!-- Generated by org.testng.reporters.JUnitReportReporter -->
<testsuite hostname="LAPTOP-C0MR8N4T" failures="0" tests="1" name="com.sysmatech.TestCases.Tc_EscalationMatrix_036" time="33.239" errors="0" timestamp="2023-03-15T14:40:37 IST" skipped="0">
  <testcase classname="com.sysmatech.TestCases.Tc_EscalationMatrix_036" name="Login" time="33.239"/>
  <system-out/>
</testsuite> <!-- com.sysmatech.TestCases.Tc_EscalationMatrix_036 -->
