<?xml version="1.0" encoding="UTF-8"?>
<!-- Generated by org.testng.reporters.JUnitReportReporter -->
<testsuite hostname="LAPTOP-C0MR8N4T" failures="0" tests="3" name="com.sysmatech.TestCases.Tc_Settings_ManufacturercCreate_005" time="85.391" errors="0" timestamp="2023-04-05T13:41:40 IST" skipped="0">
  <testcase classname="com.sysmatech.TestCases.Tc_Settings_ManufacturercCreate_005" name="Manufacture1" time="23.601"/>
  <system-out/>
  <testcase classname="com.sysmatech.TestCases.Tc_Settings_ManufacturercCreate_005" name="Manufacture1" time="32.068"/>
  <system-out/>
  <testcase classname="com.sysmatech.TestCases.Tc_Settings_ManufacturercCreate_005" name="Manufacture1" time="29.722"/>
  <system-out/>
</testsuite> <!-- com.sysmatech.TestCases.Tc_Settings_ManufacturercCreate_005 -->
