<?xml version="1.0" encoding="UTF-8"?>
<!-- Generated by org.testng.reporters.JUnitReportReporter -->
<testsuite hostname="LAPTOP-C0MR8N4T" failures="0" tests="2" name="com.sysmatech.TestCases.Tc_SettingCustomFields_014" time="60.597" errors="0" timestamp="2023-03-31T15:48:51 IST" skipped="0">
  <testcase classname="com.sysmatech.TestCases.Tc_SettingCustomFields_014" name="CustomField" time="28.546"/>
  <system-out/>
  <testcase classname="com.sysmatech.TestCases.Tc_SettingCustomFields_014" name="CustomField2" time="32.051"/>
  <system-out/>
</testsuite> <!-- com.sysmatech.TestCases.Tc_SettingCustomFields_014 -->
