<?xml version="1.0" encoding="UTF-8"?>
<!-- Generated by org.testng.reporters.JUnitReportReporter -->
<testsuite hostname="DESKTOP-1OGJN64" failures="0" tests="2" name="com.sysmatech.TestCases.Tc_SettingManufacturerViewDelete_029" time="35.610" errors="0" timestamp="2023-03-01T14:38:41 IST" skipped="0">
  <testcase classname="com.sysmatech.TestCases.Tc_SettingManufacturerViewDelete_029" name="Login" time="19.803"/>
  <system-out/>
  <testcase classname="com.sysmatech.TestCases.Tc_SettingManufacturerViewDelete_029" name="Login2" time="15.807"/>
  <system-out/>
</testsuite> <!-- com.sysmatech.TestCases.Tc_SettingManufacturerViewDelete_029 -->
