<?xml version="1.0" encoding="UTF-8"?>
<!-- Generated by org.testng.reporters.JUnitReportReporter -->
<testsuite hostname="LAPTOP-C0MR8N4T" failures="0" tests="3" name="com.sysmatech.TestCases.Tc_Settings_AssetModelsCreate_027" time="115.571" errors="0" timestamp="2023-04-12T12:38:44 IST" skipped="0">
  <testcase classname="com.sysmatech.TestCases.Tc_Settings_AssetModelsCreate_027" name="AssetModels" time="42.534"/>
  <system-out/>
  <testcase classname="com.sysmatech.TestCases.Tc_Settings_AssetModelsCreate_027" name="AssetModels2" time="38.103"/>
  <system-out/>
  <testcase classname="com.sysmatech.TestCases.Tc_Settings_AssetModelsCreate_027" name="AssetModels3" time="34.934"/>
  <system-out/>
</testsuite> <!-- com.sysmatech.TestCases.Tc_Settings_AssetModelsCreate_027 -->
