<?xml version="1.0" encoding="UTF-8"?>
<!-- Generated by org.testng.reporters.JUnitReportReporter -->
<testsuite hostname="LAPTOP-C0MR8N4T" failures="0" tests="1" name="com.sysmatech.TestCases.Tc_Settings_NewCustomFieldSet_060" time="27.612" errors="0" timestamp="2023-03-31T15:52:59 IST" skipped="0">
  <testcase classname="com.sysmatech.TestCases.Tc_Settings_NewCustomFieldSet_060" name="CustomField" time="27.612"/>
  <system-out/>
</testsuite> <!-- com.sysmatech.TestCases.Tc_Settings_NewCustomFieldSet_060 -->
