<?xml version="1.0" encoding="UTF-8"?>
<!-- Generated by org.testng.reporters.JUnitReportReporter -->
<testsuite hostname="LAPTOP-C0MR8N4T" failures="0" tests="2" name="com.sysmatech.TestCases.Tc_Settings_WorkOrderPriorityCreate_055" time="82.900" errors="0" timestamp="2023-04-12T18:02:04 IST" skipped="0">
  <testcase classname="com.sysmatech.TestCases.Tc_Settings_WorkOrderPriorityCreate_055" name="WOPrioritiesCreate" time="39.350"/>
  <system-out/>
  <testcase classname="com.sysmatech.TestCases.Tc_Settings_WorkOrderPriorityCreate_055" name="WOPrioritiesCreate2" time="43.550"/>
  <system-out/>
</testsuite> <!-- com.sysmatech.TestCases.Tc_Settings_WorkOrderPriorityCreate_055 -->
