<?xml version="1.0" encoding="UTF-8"?>
<!-- Generated by org.testng.reporters.JUnitReportReporter -->
<testsuite hostname="LAPTOP-C0MR8N4T" failures="0" tests="2" name="com.sysmatech.TestCases.Tc_Settings_WorkOrder_CategoriesCreate_058" time="78.054" errors="0" timestamp="2023-04-12T18:02:04 IST" skipped="0">
  <testcase classname="com.sysmatech.TestCases.Tc_Settings_WorkOrder_CategoriesCreate_058" name="WOCategories1" time="47.493"/>
  <system-out/>
  <testcase classname="com.sysmatech.TestCases.Tc_Settings_WorkOrder_CategoriesCreate_058" name="WOCategories2" time="30.561"/>
  <system-out/>
</testsuite> <!-- com.sysmatech.TestCases.Tc_Settings_WorkOrder_CategoriesCreate_058 -->
