<?xml version="1.0" encoding="UTF-8"?>
<!-- Generated by org.testng.reporters.JUnitReportReporter -->
<testsuite hostname="DESKTOP-1OGJN64" failures="0" tests="2" name="com.sysmatech.TestCases.Tc_CreateAsset_004" time="81.227" errors="0" timestamp="2023-03-02T12:49:30 IST" skipped="0">
  <testcase classname="com.sysmatech.TestCases.Tc_CreateAsset_004" name="CreateAssert" time="38.789"/>
  <system-out/>
  <testcase classname="com.sysmatech.TestCases.Tc_CreateAsset_004" name="CreateAssert1" time="42.438"/>
  <system-out/>
</testsuite> <!-- com.sysmatech.TestCases.Tc_CreateAsset_004 -->
