<?xml version="1.0" encoding="UTF-8"?>
<!-- Generated by org.testng.reporters.JUnitReportReporter -->
<testsuite hostname="LAPTOP-C0MR8N4T" failures="0" tests="2" name="com.sysmatech.TestCases.Tc_Settings_SupplierCreate_009" time="59.257" errors="0" timestamp="2023-04-12T17:30:27 IST" skipped="0">
  <testcase classname="com.sysmatech.TestCases.Tc_Settings_SupplierCreate_009" name="Supplier1" time="32.461"/>
  <system-out/>
  <testcase classname="com.sysmatech.TestCases.Tc_Settings_SupplierCreate_009" name="Supplier2" time="26.796"/>
  <system-out/>
</testsuite> <!-- com.sysmatech.TestCases.Tc_Settings_SupplierCreate_009 -->
