<?xml version="1.0" encoding="UTF-8"?>
<!-- Generated by org.testng.reporters.JUnitReportReporter -->
<testsuite hostname="DESKTOP-1OGJN64" failures="0" tests="1" name="com.sysmatech.TestCases.Tc_SettingSupplierUpdate_032" time="19.159" errors="0" timestamp="2023-03-01T18:21:13 IST" skipped="0">
  <testcase classname="com.sysmatech.TestCases.Tc_SettingSupplierUpdate_032" name="Login" time="19.159"/>
  <system-out/>
</testsuite> <!-- com.sysmatech.TestCases.Tc_SettingSupplierUpdate_032 -->
