<?xml version="1.0" encoding="UTF-8"?>
<!-- Generated by org.testng.reporters.JUnitReportReporter -->
<testsuite hostname="LAPTOP-C0MR8N4T" failures="0" tests="1" name="com.sysmatech.TestCases.Tc_Settings_WorkOrder_StatusesDelete_055" time="17.874" errors="0" timestamp="2023-03-31T15:52:59 IST" skipped="0">
  <testcase classname="com.sysmatech.TestCases.Tc_Settings_WorkOrder_StatusesDelete_055" name="WorkOrderStatuDelete" time="17.874"/>
  <system-out/>
</testsuite> <!-- com.sysmatech.TestCases.Tc_Settings_WorkOrder_StatusesDelete_055 -->
