<?xml version="1.0" encoding="UTF-8"?>
<!-- Generated by org.testng.reporters.JUnitReportReporter -->
<testsuite hostname="LAPTOP-C0MR8N4T" failures="0" tests="1" name="com.sysmatech.TestCases.Tc_ParameterMaster_CloneTest_037" time="26.191" errors="0" timestamp="2023-03-16T13:00:29 IST" skipped="0">
  <testcase classname="com.sysmatech.TestCases.Tc_ParameterMaster_CloneTest_037" name="paraM1" time="26.191"/>
  <system-out/>
</testsuite> <!-- com.sysmatech.TestCases.Tc_ParameterMaster_CloneTest_037 -->
