<?xml version="1.0" encoding="UTF-8"?>
<!-- Generated by org.testng.reporters.JUnitReportReporter -->
<testsuite hostname="DESKTOP-1OGJN64" failures="0" tests="1" name="com.sysmatech.TestCases.Tc_SettingAssetModelsDelete_022" time="17.245" errors="0" timestamp="2023-02-28T19:00:41 IST" skipped="0">
  <testcase classname="com.sysmatech.TestCases.Tc_SettingAssetModelsDelete_022" name="Login" time="17.245"/>
  <system-out/>
</testsuite> <!-- com.sysmatech.TestCases.Tc_SettingAssetModelsDelete_022 -->
