<?xml version="1.0" encoding="UTF-8"?>
<!-- Generated by org.testng.reporters.JUnitReportReporter -->
<testsuite hostname="LAPTOP-C0MR8N4T" failures="0" tests="1" name="com.sysmatech.TestCases.Tc_PM_Scheduler_Update_041" time="27.098" errors="0" timestamp="2023-03-16T18:43:22 IST" skipped="0">
  <testcase classname="com.sysmatech.TestCases.Tc_PM_Scheduler_Update_041" name="Scheduler_Update" time="27.098"/>
  <system-out/>
</testsuite> <!-- com.sysmatech.TestCases.Tc_PM_Scheduler_Update_041 -->
