<?xml version="1.0" encoding="UTF-8"?>
<!-- Generated by org.testng.reporters.JUnitReportReporter -->
<testsuite hostname="LAPTOP-C0MR8N4T" failures="0" tests="1" name="com.sysmatech.TestCases.Tc_PM_Scheduler_Update_041" time="35.598" errors="0" timestamp="2023-03-31T16:39:54 IST" skipped="0">
  <testcase classname="com.sysmatech.TestCases.Tc_PM_Scheduler_Update_041" name="Scheduler_Update" time="35.598"/>
  <system-out/>
</testsuite> <!-- com.sysmatech.TestCases.Tc_PM_Scheduler_Update_041 -->
