<?xml version="1.0" encoding="UTF-8"?>
<!-- Generated by org.testng.reporters.JUnitReportReporter -->
<testsuite hostname="LAPTOP-C0MR8N4T" failures="0" tests="1" name="com.sysmatech.TestCases.Tc_Asset_Delete_037" time="35.823" errors="0" timestamp="2023-04-12T18:02:04 IST" skipped="0">
  <testcase classname="com.sysmatech.TestCases.Tc_Asset_Delete_037" name="AssetDelete" time="35.823"/>
  <system-out/>
</testsuite> <!-- com.sysmatech.TestCases.Tc_Asset_Delete_037 -->
