<?xml version="1.0" encoding="UTF-8"?>
<!-- Generated by org.testng.reporters.JUnitReportReporter -->
<testsuite hostname="LAPTOP-C0MR8N4T" failures="0" tests="1" name="com.sysmatech.TestCases.Tc_Settings_DepreciationCreate_046" time="87.384" errors="0" timestamp="2023-03-21T12:20:51 IST" skipped="0">
  <testcase classname="com.sysmatech.TestCases.Tc_Settings_DepreciationCreate_046" name="Login" time="87.384"/>
  <system-out/>
</testsuite> <!-- com.sysmatech.TestCases.Tc_Settings_DepreciationCreate_046 -->
