<?xml version="1.0" encoding="UTF-8"?>
<!-- Generated by org.testng.reporters.JUnitReportReporter -->
<testsuite hostname="LAPTOP-C0MR8N4T" failures="0" tests="2" name="com.sysmatech.TestCases.Tc_SettingSupplier_030" time="39.711" errors="0" timestamp="2023-03-31T15:48:51 IST" skipped="0">
  <testcase classname="com.sysmatech.TestCases.Tc_SettingSupplier_030" name="Supplier1" time="19.437"/>
  <system-out/>
  <testcase classname="com.sysmatech.TestCases.Tc_SettingSupplier_030" name="Supplier2" time="20.274"/>
  <system-out/>
</testsuite> <!-- com.sysmatech.TestCases.Tc_SettingSupplier_030 -->
