<?xml version="1.0" encoding="UTF-8"?>
<!-- Generated by org.testng.reporters.JUnitReportReporter -->
<testsuite hostname="DESKTOP-1OGJN64" failures="0" tests="1" name="com.sysmatech.TestCases.Tc_CreateAssertEdit_007" time="21.165" errors="0" timestamp="2023-01-30T06:55:51 GMT-05:00" skipped="0">
  <testcase classname="com.sysmatech.TestCases.Tc_CreateAssertEdit_007" name="Edit" time="21.165"/>
  <system-out/>
</testsuite> <!-- com.sysmatech.TestCases.Tc_CreateAssertEdit_007 -->
