<?xml version="1.0" encoding="UTF-8"?>
<!-- Generated by org.testng.reporters.JUnitReportReporter -->
<testsuite hostname="LAPTOP-C0MR8N4T" failures="0" tests="1" name="com.sysmatech.TestCases.Tc_LoginTest_001" time="8.458" errors="0" timestamp="2023-04-11T11:28:57 IST" skipped="0">
  <testcase classname="com.sysmatech.TestCases.Tc_LoginTest_001" name="loginTest" time="8.458"/>
  <system-out/>
</testsuite> <!-- com.sysmatech.TestCases.Tc_LoginTest_001 -->
