<?xml version="1.0" encoding="UTF-8"?>
<!-- Generated by org.testng.reporters.JUnitReportReporter -->
<testsuite hostname="LAPTOP-C0MR8N4T" failures="0" tests="1" name="com.sysmatech.TestCases.Tc_Settings_AddCompanyTest_003" time="33.524" errors="0" timestamp="2023-04-12T15:39:35 IST" skipped="0">
  <testcase classname="com.sysmatech.TestCases.Tc_Settings_AddCompanyTest_003" name="CreateCompany" time="33.524"/>
  <system-out/>
</testsuite> <!-- com.sysmatech.TestCases.Tc_Settings_AddCompanyTest_003 -->
