<?xml version="1.0" encoding="UTF-8"?>
<!-- Generated by org.testng.reporters.JUnitReportReporter -->
<testsuite hostname="LAPTOP-C0MR8N4T" failures="0" tests="1" name="com.sysmatech.TestCases.Tc_Settings_CreateCategory_004" time="48.348" errors="0" timestamp="2023-04-12T15:55:38 IST" skipped="0">
  <testcase classname="com.sysmatech.TestCases.Tc_Settings_CreateCategory_004" name="CreateCatogory" time="48.348"/>
  <system-out/>
</testsuite> <!-- com.sysmatech.TestCases.Tc_Settings_CreateCategory_004 -->
