<?xml version="1.0" encoding="UTF-8"?>
<!-- Generated by org.testng.reporters.JUnitReportReporter -->
<testsuite hostname="LAPTOP-C0MR8N4T" failures="0" tests="2" name="com.sysmatech.TestCases.Tc_Settings_StatusLabelsCreate_012" time="58.291" errors="0" timestamp="2023-04-12T17:33:14 IST" skipped="0">
  <testcase classname="com.sysmatech.TestCases.Tc_Settings_StatusLabelsCreate_012" name="StatusLabelsCreate1" time="31.072"/>
  <system-out/>
  <testcase classname="com.sysmatech.TestCases.Tc_Settings_StatusLabelsCreate_012" name="StatusLabelsCreate2" time="27.219"/>
  <system-out/>
</testsuite> <!-- com.sysmatech.TestCases.Tc_Settings_StatusLabelsCreate_012 -->
