<?xml version="1.0" encoding="UTF-8"?>
<!-- Generated by org.testng.reporters.JUnitReportReporter -->
<testsuite hostname="DESKTOP-1OGJN64" failures="0" tests="4" name="com.sysmatech.TestCases.Tc_CreateCategory_005" time="94.510" errors="0" timestamp="2023-03-02T11:49:58 IST" skipped="0">
  <testcase classname="com.sysmatech.TestCases.Tc_CreateCategory_005" name="CreateCatogory" time="23.413"/>
  <system-out/>
  <testcase classname="com.sysmatech.TestCases.Tc_CreateCategory_005" name="CreateCatogory" time="24.674"/>
  <system-out/>
  <testcase classname="com.sysmatech.TestCases.Tc_CreateCategory_005" name="CreateCatogory1" time="22.971"/>
  <system-out/>
  <testcase classname="com.sysmatech.TestCases.Tc_CreateCategory_005" name="CreateCatogory1" time="23.452"/>
  <system-out/>
</testsuite> <!-- com.sysmatech.TestCases.Tc_CreateCategory_005 -->
