<?xml version="1.0" encoding="UTF-8"?>
<!-- Generated by org.testng.reporters.JUnitReportReporter -->
<testsuite hostname="LAPTOP-C0MR8N4T" failures="0" tests="3" name="com.sysmatech.TestCases.Tc_Settings_ManufacturerCreate_005" time="79.208" errors="0" timestamp="2023-04-12T17:27:31 IST" skipped="0">
  <testcase classname="com.sysmatech.TestCases.Tc_Settings_ManufacturerCreate_005" name="Manufacture1" time="36.860"/>
  <system-out/>
  <testcase classname="com.sysmatech.TestCases.Tc_Settings_ManufacturerCreate_005" name="Manufacture1" time="20.656"/>
  <system-out/>
  <testcase classname="com.sysmatech.TestCases.Tc_Settings_ManufacturerCreate_005" name="Manufacture1" time="21.692"/>
  <system-out/>
</testsuite> <!-- com.sysmatech.TestCases.Tc_Settings_ManufacturerCreate_005 -->
