<?xml version="1.0" encoding="UTF-8"?>
<!-- Generated by org.testng.reporters.JUnitReportReporter -->
<testsuite hostname="LAPTOP-C0MR8N4T" failures="0" tests="1" name="com.sysmatech.TestCases.Tc_Preventive_Maintenance_Config_049" time="50.370" errors="0" timestamp="2023-03-22T17:02:06 IST" skipped="0">
  <testcase classname="com.sysmatech.TestCases.Tc_Preventive_Maintenance_Config_049" name="CreatePreventive_Maintenance_Config" time="50.370"/>
  <system-out/>
</testsuite> <!-- com.sysmatech.TestCases.Tc_Preventive_Maintenance_Config_049 -->
