<?xml version="1.0" encoding="UTF-8"?>
<!-- Generated by org.testng.reporters.JUnitReportReporter -->
<testsuite hostname="LAPTOP-C0MR8N4T" failures="0" tests="1" name="com.sysmatech.TestCases.Tc_Preventive_Maintenance_Clone_050" time="31.832" errors="0" timestamp="2023-03-22T17:54:58 IST" skipped="0">
  <testcase classname="com.sysmatech.TestCases.Tc_Preventive_Maintenance_Clone_050" name="CreatePreventive_Maintenance_Clone" time="31.832"/>
  <system-out/>
</testsuite> <!-- com.sysmatech.TestCases.Tc_Preventive_Maintenance_Clone_050 -->
