<?xml version="1.0" encoding="UTF-8"?>
<!-- Generated by org.testng.reporters.JUnitReportReporter -->
<testsuite hostname="LAPTOP-C0MR8N4T" failures="0" tests="2" name="com.sysmatech.TestCases.Tc_SettingManufacturerViewDelete_029" time="34.633" errors="0" timestamp="2023-03-31T15:55:18 IST" skipped="0">
  <testcase classname="com.sysmatech.TestCases.Tc_SettingManufacturerViewDelete_029" name="ManufactureViewDelete" time="17.732"/>
  <system-out/>
  <testcase classname="com.sysmatech.TestCases.Tc_SettingManufacturerViewDelete_029" name="ManufacturerViewdelete2" time="16.901"/>
  <system-out/>
</testsuite> <!-- com.sysmatech.TestCases.Tc_SettingManufacturerViewDelete_029 -->
