<?xml version="1.0" encoding="UTF-8"?>
<!-- Generated by org.testng.reporters.JUnitReportReporter -->
<testsuite hostname="LAPTOP-C0MR8N4T" failures="0" tests="2" name="com.sysmatech.TestCases.Tc_CreateAsset_004" time="130.349" errors="0" timestamp="2023-03-31T15:36:43 IST" skipped="0">
  <testcase classname="com.sysmatech.TestCases.Tc_CreateAsset_004" name="CreateAssert" time="68.835"/>
  <system-out/>
  <testcase classname="com.sysmatech.TestCases.Tc_CreateAsset_004" name="CreateAssert" time="61.514"/>
  <system-out/>
</testsuite> <!-- com.sysmatech.TestCases.Tc_CreateAsset_004 -->
