<?xml version="1.0" encoding="UTF-8"?>
<!-- Generated by org.testng.reporters.JUnitReportReporter -->
<testsuite hostname="LAPTOP-C0MR8N4T" failures="0" tests="2" name="com.sysmatech.TestCases.Tc_CreatePMAuditParameter_035" time="53.595" errors="0" timestamp="2023-03-31T16:46:19 IST" skipped="0">
  <testcase classname="com.sysmatech.TestCases.Tc_CreatePMAuditParameter_035" name="Auditparams1" time="28.738"/>
  <system-out/>
  <testcase classname="com.sysmatech.TestCases.Tc_CreatePMAuditParameter_035" name="Auditparams2" time="24.857"/>
  <system-out/>
</testsuite> <!-- com.sysmatech.TestCases.Tc_CreatePMAuditParameter_035 -->
