<?xml version="1.0" encoding="UTF-8"?>
<!-- Generated by org.testng.reporters.JUnitReportReporter -->
<testsuite hostname="LAPTOP-C0MR8N4T" failures="0" tests="1" name="com.sysmatech.TestCases.Tc_Settings_EscalationMatrix_036" time="49.355" errors="0" timestamp="2023-03-31T15:36:43 IST" skipped="0">
  <testcase classname="com.sysmatech.TestCases.Tc_Settings_EscalationMatrix_036" name="EscalationMatrix" time="49.355"/>
  <system-out/>
</testsuite> <!-- com.sysmatech.TestCases.Tc_Settings_EscalationMatrix_036 -->
