<?xml version="1.0" encoding="UTF-8"?>
<!-- Generated by org.testng.reporters.JUnitReportReporter -->
<testsuite hostname="LAPTOP-C0MR8N4T" failures="0" tests="1" name="com.sysmatech.TestCases.Tc_Settings_ManufacturerViewDelete_008" time="36.947" errors="0" timestamp="2023-04-12T17:27:31 IST" skipped="0">
  <testcase classname="com.sysmatech.TestCases.Tc_Settings_ManufacturerViewDelete_008" name="ManufacturerViewdelete2" time="36.947"/>
  <system-out/>
</testsuite> <!-- com.sysmatech.TestCases.Tc_Settings_ManufacturerViewDelete_008 -->
