<?xml version="1.0" encoding="UTF-8"?>
<!-- Generated by org.testng.reporters.JUnitReportReporter -->
<testsuite hostname="DESKTOP-1OGJN64" failures="0" tests="1" name="com.sysmatech.TestCases.Tc_CreateAssetInBulk_010" time="15.213" errors="0" timestamp="2023-01-31T03:57:20 GMT-05:00" skipped="0">
  <testcase classname="com.sysmatech.TestCases.Tc_CreateAssetInBulk_010" name="Edit" time="15.213"/>
  <system-out/>
</testsuite> <!-- com.sysmatech.TestCases.Tc_CreateAssetInBulk_010 -->
