<?xml version="1.0" encoding="UTF-8"?>
<!-- Generated by org.testng.reporters.JUnitReportReporter -->
<testsuite hostname="LAPTOP-C0MR8N4T" failures="0" tests="3" name="com.sysmatech.TestCases.Tc_Settings_ManufacturerCreate_005" time="78.946" errors="0" timestamp="2023-04-11T14:04:33 IST" skipped="0">
  <testcase classname="com.sysmatech.TestCases.Tc_Settings_ManufacturerCreate_005" name="Manufacture1" time="23.522"/>
  <system-out/>
  <testcase classname="com.sysmatech.TestCases.Tc_Settings_ManufacturerCreate_005" name="Manufacture1" time="30.920"/>
  <system-out/>
  <testcase classname="com.sysmatech.TestCases.Tc_Settings_ManufacturerCreate_005" name="Manufacture1" time="24.504"/>
  <system-out/>
</testsuite> <!-- com.sysmatech.TestCases.Tc_Settings_ManufacturerCreate_005 -->
