<?xml version="1.0" encoding="UTF-8"?>
<!-- Generated by org.testng.reporters.JUnitReportReporter -->
<testsuite hostname="LAPTOP-C0MR8N4T" failures="0" tests="1" name="com.sysmatech.TestCases.Tc_Settings_ManufacturerUpdate_007" time="32.914" errors="0" timestamp="2023-04-11T14:04:33 IST" skipped="0">
  <testcase classname="com.sysmatech.TestCases.Tc_Settings_ManufacturerUpdate_007" name="ManufacturerUpdate" time="32.914"/>
  <system-out/>
</testsuite> <!-- com.sysmatech.TestCases.Tc_Settings_ManufacturerUpdate_007 -->
